[0.603s] Invoking command in '/home/admin-2/batch2/ros2_ws/src/robot_controller_sept03': PYTHONPATH=/home/admin-2/batch2/ros2_ws/src/build/robot_controller_sept03/prefix_override:/usr/lib/python3/dist-packages/colcon_core/task/python/colcon_distutils_commands:/home/admin-2/batch2/ros2_ws/src/install/robot_controller_sept03/lib/python3.10/site-packages:${PYTHONPATH} /usr/bin/python3 -W ignore:setup.py install is deprecated -W ignore:easy_install command is deprecated setup.py egg_info --egg-base ../build/robot_controller_sept03 build --build-base /home/admin-2/batch2/ros2_ws/src/build/robot_controller_sept03/build install --record /home/admin-2/batch2/ros2_ws/src/build/robot_controller_sept03/install.log --single-version-externally-managed install_data
[0.833s] running egg_info
[0.834s] creating ../build/robot_controller_sept03/robot_controller_sept03.egg-info
[0.834s] writing ../build/robot_controller_sept03/robot_controller_sept03.egg-info/PKG-INFO
[0.835s] writing dependency_links to ../build/robot_controller_sept03/robot_controller_sept03.egg-info/dependency_links.txt
[0.835s] writing entry points to ../build/robot_controller_sept03/robot_controller_sept03.egg-info/entry_points.txt
[0.835s] writing requirements to ../build/robot_controller_sept03/robot_controller_sept03.egg-info/requires.txt
[0.835s] writing top-level names to ../build/robot_controller_sept03/robot_controller_sept03.egg-info/top_level.txt
[0.835s] writing manifest file '../build/robot_controller_sept03/robot_controller_sept03.egg-info/SOURCES.txt'
[0.837s] reading manifest file '../build/robot_controller_sept03/robot_controller_sept03.egg-info/SOURCES.txt'
[0.838s] writing manifest file '../build/robot_controller_sept03/robot_controller_sept03.egg-info/SOURCES.txt'
[0.838s] running build
[0.838s] running build_py
[0.838s] creating /home/admin-2/batch2/ros2_ws/src/build/robot_controller_sept03/build
[0.838s] creating /home/admin-2/batch2/ros2_ws/src/build/robot_controller_sept03/build/lib
[0.838s] creating /home/admin-2/batch2/ros2_ws/src/build/robot_controller_sept03/build/lib/robot_controller_sept03
[0.838s] copying robot_controller_sept03/__init__.py -> /home/admin-2/batch2/ros2_ws/src/build/robot_controller_sept03/build/lib/robot_controller_sept03
[0.838s] running install
[0.839s] running install_lib
[0.840s] creating /home/admin-2/batch2/ros2_ws/src/install/robot_controller_sept03/lib/python3.10/site-packages/robot_controller_sept03
[0.840s] copying /home/admin-2/batch2/ros2_ws/src/build/robot_controller_sept03/build/lib/robot_controller_sept03/__init__.py -> /home/admin-2/batch2/ros2_ws/src/install/robot_controller_sept03/lib/python3.10/site-packages/robot_controller_sept03
[0.840s] byte-compiling /home/admin-2/batch2/ros2_ws/src/install/robot_controller_sept03/lib/python3.10/site-packages/robot_controller_sept03/__init__.py to __init__.cpython-310.pyc
[0.841s] running install_data
[0.841s] creating /home/admin-2/batch2/ros2_ws/src/install/robot_controller_sept03/share/ament_index
[0.841s] creating /home/admin-2/batch2/ros2_ws/src/install/robot_controller_sept03/share/ament_index/resource_index
[0.841s] creating /home/admin-2/batch2/ros2_ws/src/install/robot_controller_sept03/share/ament_index/resource_index/packages
[0.841s] copying resource/robot_controller_sept03 -> /home/admin-2/batch2/ros2_ws/src/install/robot_controller_sept03/share/ament_index/resource_index/packages
[0.841s] copying package.xml -> /home/admin-2/batch2/ros2_ws/src/install/robot_controller_sept03/share/robot_controller_sept03
[0.841s] running install_egg_info
[0.843s] Copying ../build/robot_controller_sept03/robot_controller_sept03.egg-info to /home/admin-2/batch2/ros2_ws/src/install/robot_controller_sept03/lib/python3.10/site-packages/robot_controller_sept03-0.0.0-py3.10.egg-info
[0.844s] running install_scripts
[0.864s] writing list of installed files to '/home/admin-2/batch2/ros2_ws/src/build/robot_controller_sept03/install.log'
[0.891s] Invoked command in '/home/admin-2/batch2/ros2_ws/src/robot_controller_sept03' returned '0': PYTHONPATH=/home/admin-2/batch2/ros2_ws/src/build/robot_controller_sept03/prefix_override:/usr/lib/python3/dist-packages/colcon_core/task/python/colcon_distutils_commands:/home/admin-2/batch2/ros2_ws/src/install/robot_controller_sept03/lib/python3.10/site-packages:${PYTHONPATH} /usr/bin/python3 -W ignore:setup.py install is deprecated -W ignore:easy_install command is deprecated setup.py egg_info --egg-base ../build/robot_controller_sept03 build --build-base /home/admin-2/batch2/ros2_ws/src/build/robot_controller_sept03/build install --record /home/admin-2/batch2/ros2_ws/src/build/robot_controller_sept03/install.log --single-version-externally-managed install_data
