[0.605s] Invoking command in '/home/admin-2/batch2/ros2_ws/src/robot_controller_sept03': PYTHONPATH=/home/admin-2/batch2/ros2_ws/src/build/robot_controller_sept03/prefix_override:/usr/lib/python3/dist-packages/colcon_core/task/python/colcon_distutils_commands:/home/admin-2/batch2/ros2_ws/src/install/robot_controller_sept03/lib/python3.10/site-packages:${PYTHONPATH} /usr/bin/python3 -W ignore:setup.py install is deprecated -W ignore:easy_install command is deprecated setup.py egg_info --egg-base ../build/robot_controller_sept03 build --build-base /home/admin-2/batch2/ros2_ws/src/build/robot_controller_sept03/build install --record /home/admin-2/batch2/ros2_ws/src/build/robot_controller_sept03/install.log --single-version-externally-managed install_data
[0.830s] running egg_info
[0.831s] writing ../build/robot_controller_sept03/robot_controller_sept03.egg-info/PKG-INFO
[0.831s] writing dependency_links to ../build/robot_controller_sept03/robot_controller_sept03.egg-info/dependency_links.txt
[0.831s] writing entry points to ../build/robot_controller_sept03/robot_controller_sept03.egg-info/entry_points.txt
[0.832s] writing requirements to ../build/robot_controller_sept03/robot_controller_sept03.egg-info/requires.txt
[0.832s] writing top-level names to ../build/robot_controller_sept03/robot_controller_sept03.egg-info/top_level.txt
[0.833s] reading manifest file '../build/robot_controller_sept03/robot_controller_sept03.egg-info/SOURCES.txt'
[0.835s] writing manifest file '../build/robot_controller_sept03/robot_controller_sept03.egg-info/SOURCES.txt'
[0.835s] running build
[0.835s] running build_py
[0.836s] running install
[0.837s] running install_lib
[0.838s] running install_data
[0.839s] running install_egg_info
[0.840s] removing '/home/admin-2/batch2/ros2_ws/src/install/robot_controller_sept03/lib/python3.10/site-packages/robot_controller_sept03-0.0.0-py3.10.egg-info' (and everything under it)
[0.841s] Copying ../build/robot_controller_sept03/robot_controller_sept03.egg-info to /home/admin-2/batch2/ros2_ws/src/install/robot_controller_sept03/lib/python3.10/site-packages/robot_controller_sept03-0.0.0-py3.10.egg-info
[0.842s] running install_scripts
[0.862s] writing list of installed files to '/home/admin-2/batch2/ros2_ws/src/build/robot_controller_sept03/install.log'
[0.888s] Invoked command in '/home/admin-2/batch2/ros2_ws/src/robot_controller_sept03' returned '0': PYTHONPATH=/home/admin-2/batch2/ros2_ws/src/build/robot_controller_sept03/prefix_override:/usr/lib/python3/dist-packages/colcon_core/task/python/colcon_distutils_commands:/home/admin-2/batch2/ros2_ws/src/install/robot_controller_sept03/lib/python3.10/site-packages:${PYTHONPATH} /usr/bin/python3 -W ignore:setup.py install is deprecated -W ignore:easy_install command is deprecated setup.py egg_info --egg-base ../build/robot_controller_sept03 build --build-base /home/admin-2/batch2/ros2_ws/src/build/robot_controller_sept03/build install --record /home/admin-2/batch2/ros2_ws/src/build/robot_controller_sept03/install.log --single-version-externally-managed install_data
